TN:
SF:src\presentation\useCases\FeedBacks\SubmitFeedBacksUseCase\Services\SubmitFeedBacksServices.ts
FN:13,execute
FN:8,SubmitFeedBacksServices
FNF:2
FNH:2
FNDA:5,execute
FNDA:5,SubmitFeedBacksServices
DA:1,1
DA:2,1
DA:3,1
DA:4,1
DA:5,1
DA:6,1
DA:7,1
DA:8,1
DA:9,5
DA:10,5
DA:11,5
DA:12,1
DA:13,1
DA:14,5
DA:15,5
DA:16,1
DA:17,1
DA:18,1
DA:19,1
DA:20,1
DA:21,4
DA:22,5
DA:23,1
DA:24,1
DA:25,1
DA:26,1
DA:27,1
DA:28,3
DA:29,5
DA:30,1
DA:31,1
DA:32,1
DA:33,1
DA:34,1
DA:35,2
DA:36,2
DA:37,2
DA:38,2
DA:39,2
DA:40,2
DA:41,2
DA:42,2
DA:43,2
DA:44,2
DA:45,2
DA:46,2
DA:47,2
DA:48,2
DA:49,2
DA:50,2
DA:51,2
DA:52,1
LF:52
LH:52
BRDA:13,0,0,5
BRDA:15,1,0,1
BRDA:21,2,0,4
BRDA:22,3,0,1
BRDA:28,4,0,3
BRDA:29,5,0,1
BRDA:35,6,0,2
BRDA:8,7,0,5
BRF:8
BRH:8
end_of_record
